Using pre-set license
Built from '2020.3/release' branch; Version is '2020.3.1f1 (77a89f25062f) revision 7841951'; Using compiler version '192528614'; Build Type 'Release'
OS: 'Windows 10 Home; OS build 19044.1586; Version 2009; 64bit' Language: 'en' Physical Memory: 16332 MB
BatchMode: 1, IsHumanControllingUs: 0, StartBugReporterOnCrash: 0, Is64bit: 1, IsPro: 0

 COMMAND LINE ARGUMENTS:
C:\Program Files\Unity\Hub\Editor\2020.3.1f1\Editor\Unity.exe
-adb2
-batchMode
-noUpm
-name
AssetImportWorker0
-projectPath
C:/Users/mitch/New Unity Project
-logFile
Logs/AssetImportWorker0.log
-srvPort
55639
Successfully changed project path to: C:/Users/mitch/New Unity Project
C:/Users/mitch/New Unity Project
Using Asset Import Pipeline V2.
Refreshing native plugins compatible for Editor in 37.26 ms, found 0 plugins.
Preloading 0 native plugins for Editor in 0.00 ms.
Initialize engine version: 2020.3.1f1 (77a89f25062f)
[Subsystems] Discovering subsystems at path C:/Program Files/Unity/Hub/Editor/2020.3.1f1/Editor/Data/Resources/UnitySubsystems
[Subsystems] Discovering subsystems at path C:/Users/mitch/New Unity Project/Assets
GfxDevice: creating device client; threaded=0
Direct3D:
    Version:  Direct3D 11.0 [level 11.1]
    Renderer: Radeon RX 570 Series (ID=0x67df)
    Vendor:   
    VRAM:     4075 MB
    Driver:   30.0.14023.7007
Initialize mono
Mono path[0] = 'C:/Program Files/Unity/Hub/Editor/2020.3.1f1/Editor/Data/Managed'
Mono path[1] = 'C:/Program Files/Unity/Hub/Editor/2020.3.1f1/Editor/Data/MonoBleedingEdge/lib/mono/unityjit'
Mono config path = 'C:/Program Files/Unity/Hub/Editor/2020.3.1f1/Editor/Data/MonoBleedingEdge/etc'
Using monoOptions --debugger-agent=transport=dt_socket,embedding=1,server=y,suspend=n,address=127.0.0.1:56004
Begin MonoManager ReloadAssembly
Registering precompiled unity dll's ...
Register platform support module: C:/Program Files/Unity/Hub/Editor/2020.3.1f1/Editor/Data/PlaybackEngines/WindowsStandaloneSupport/UnityEditor.WindowsStandalone.Extensions.dll
Registered in 0.002581 seconds.
Native extension for WindowsStandalone target not found
Refreshing native plugins compatible for Editor in 35.43 ms, found 0 plugins.
Preloading 0 native plugins for Editor in 0.00 ms.
Invoked RoslynAnalysisRunner static constructor.
RoslynAnalysisRunner will not be running.
RoslynAnalysisRunner has terminated.
Mono: successfully reloaded assembly
- Completed reload, in  1.430 seconds
Platform modules already initialized, skipping
Registering precompiled user dll's ...
Registered in 0.001505 seconds.
Begin MonoManager ReloadAssembly
Native extension for WindowsStandalone target not found
Refreshing native plugins compatible for Editor in 35.18 ms, found 0 plugins.
Preloading 0 native plugins for Editor in 0.00 ms.
Invoked RoslynAnalysisRunner static constructor.
RoslynAnalysisRunner will not be running.
RoslynAnalysisRunner has terminated.
Mono: successfully reloaded assembly
- Completed reload, in  1.142 seconds
Platform modules already initialized, skipping
========================================================================
Worker process is ready to serve import requests
Launched and connected shader compiler UnityShaderCompiler.exe after 0.04 seconds
Refreshing native plugins compatible for Editor in 0.29 ms, found 0 plugins.
Preloading 0 native plugins for Editor in 0.00 ms.
Unloading 1577 Unused Serialized files (Serialized files now loaded: 0)
System memory in use before: 92.7 MB.
System memory in use after: 92.8 MB.

Unloading 14 unused Assets to reduce memory usage. Loaded Objects now: 2049.
Total: 2.039300 ms (FindLiveObjects: 0.179000 ms CreateObjectMapping: 0.045100 ms MarkObjects: 1.669000 ms  DeleteObjects: 0.145400 ms)

========================================================================
Received Import Request.
  path: Assets/Scripts/TerrainGen.cs
  artifactKey: Guid(c7fc06b9f04061c4b87d9af4dedbafb7) Importer(815301076,1909f56bfc062723c751e8b465ee728b)
Start importing Assets/Scripts/TerrainGen.cs using Guid(c7fc06b9f04061c4b87d9af4dedbafb7) Importer(815301076,1909f56bfc062723c751e8b465ee728b)  -> (artifact id: 'c0804a8275b328a1376d237ce3a0386a') in 0.034515 seconds
  Import took 0.037586 seconds .

========================================================================
Received Import Request.
  Time since last request: 0.000200 seconds.
  path: Assets/Scripts/LoadScene.cs
  artifactKey: Guid(95313c9534f4fec4a8e8a8830e087159) Importer(815301076,1909f56bfc062723c751e8b465ee728b)
Start importing Assets/Scripts/LoadScene.cs using Guid(95313c9534f4fec4a8e8a8830e087159) Importer(815301076,1909f56bfc062723c751e8b465ee728b)  -> (artifact id: '69a4e830fdcaf5b19e96d465af8db33d') in 0.006384 seconds
  Import took 0.008792 seconds .

========================================================================
Received Import Request.
  Time since last request: 0.000252 seconds.
  path: Assets/Scripts/ApplyHeightMapTerrain.cs
  artifactKey: Guid(aaed6198da5776a4a9416a3b0fe4f6f4) Importer(815301076,1909f56bfc062723c751e8b465ee728b)
Start importing Assets/Scripts/ApplyHeightMapTerrain.cs using Guid(aaed6198da5776a4a9416a3b0fe4f6f4) Importer(815301076,1909f56bfc062723c751e8b465ee728b)  -> (artifact id: '3620689ef9e0c6a7f4ea6fe572aaf28b') in 0.006276 seconds
  Import took 0.008934 seconds .

========================================================================
Received Import Request.
  Time since last request: 127.791052 seconds.
  path: Assets/Scripts/TerrainGen.cs
  artifactKey: Guid(c7fc06b9f04061c4b87d9af4dedbafb7) Importer(815301076,1909f56bfc062723c751e8b465ee728b)
Start importing Assets/Scripts/TerrainGen.cs using Guid(c7fc06b9f04061c4b87d9af4dedbafb7) Importer(815301076,1909f56bfc062723c751e8b465ee728b)  -> (artifact id: 'ff2c2c89db20d677ebafde2957016de3') in 0.004127 seconds
  Import took 0.007607 seconds .

========================================================================
Received Import Request.
  Time since last request: 31.774596 seconds.
  path: Assets/Scripts/TerrainGen.cs
  artifactKey: Guid(c7fc06b9f04061c4b87d9af4dedbafb7) Importer(815301076,1909f56bfc062723c751e8b465ee728b)
Start importing Assets/Scripts/TerrainGen.cs using Guid(c7fc06b9f04061c4b87d9af4dedbafb7) Importer(815301076,1909f56bfc062723c751e8b465ee728b)  -> (artifact id: 'af4682f2b3ce9d1240e67c88cceca75f') in 0.002845 seconds
  Import took 0.005589 seconds .

========================================================================
Received Prepare
Registering precompiled user dll's ...
Registered in 0.001554 seconds.
Begin MonoManager ReloadAssembly
Native extension for WindowsStandalone target not found
Refreshing native plugins compatible for Editor in 0.30 ms, found 0 plugins.
Preloading 0 native plugins for Editor in 0.00 ms.
Invoked RoslynAnalysisRunner static constructor.
RoslynAnalysisRunner will not be running.
RoslynAnalysisRunner has terminated.
Mono: successfully reloaded assembly
- Completed reload, in  1.190 seconds
Platform modules already initialized, skipping
Refreshing native plugins compatible for Editor in 0.29 ms, found 0 plugins.
Preloading 0 native plugins for Editor in 0.00 ms.
Unloading 1566 Unused Serialized files (Serialized files now loaded: 0)
System memory in use before: 92.4 MB.
System memory in use after: 92.5 MB.

Unloading 7 unused Assets to reduce memory usage. Loaded Objects now: 2052.
Total: 2.722400 ms (FindLiveObjects: 0.265700 ms CreateObjectMapping: 0.062300 ms MarkObjects: 2.282600 ms  DeleteObjects: 0.110300 ms)

========================================================================
Received Import Request.
  Time since last request: 91.744624 seconds.
  path: Assets/Scripts/CivGen.cs
  artifactKey: Guid(ae3bba11dbcbdb947ba5e238bcba4482) Importer(815301076,1909f56bfc062723c751e8b465ee728b)
Start importing Assets/Scripts/CivGen.cs using Guid(ae3bba11dbcbdb947ba5e238bcba4482) Importer(815301076,1909f56bfc062723c751e8b465ee728b)  -> (artifact id: 'e1e44cae0d0ab7eedef92f0ebe7af4df') in 0.009565 seconds
  Import took 0.012815 seconds .

========================================================================
Received Prepare
Registering precompiled user dll's ...
Registered in 0.001377 seconds.
Begin MonoManager ReloadAssembly
Native extension for WindowsStandalone target not found
Refreshing native plugins compatible for Editor in 0.30 ms, found 0 plugins.
Preloading 0 native plugins for Editor in 0.00 ms.
Invoked RoslynAnalysisRunner static constructor.
RoslynAnalysisRunner will not be running.
RoslynAnalysisRunner has terminated.
Mono: successfully reloaded assembly
- Completed reload, in  1.168 seconds
Platform modules already initialized, skipping
Refreshing native plugins compatible for Editor in 0.29 ms, found 0 plugins.
Preloading 0 native plugins for Editor in 0.00 ms.
Unloading 1567 Unused Serialized files (Serialized files now loaded: 0)
System memory in use before: 92.5 MB.
System memory in use after: 92.6 MB.

Unloading 7 unused Assets to reduce memory usage. Loaded Objects now: 2056.
Total: 2.136300 ms (FindLiveObjects: 0.222800 ms CreateObjectMapping: 0.045800 ms MarkObjects: 1.753100 ms  DeleteObjects: 0.113300 ms)

========================================================================
Received Prepare
Registering precompiled user dll's ...
Registered in 0.001378 seconds.
Begin MonoManager ReloadAssembly
Native extension for WindowsStandalone target not found
Refreshing native plugins compatible for Editor in 0.33 ms, found 0 plugins.
Preloading 0 native plugins for Editor in 0.00 ms.
Invoked RoslynAnalysisRunner static constructor.
RoslynAnalysisRunner will not be running.
RoslynAnalysisRunner has terminated.
Mono: successfully reloaded assembly
- Completed reload, in  1.192 seconds
Platform modules already initialized, skipping
Refreshing native plugins compatible for Editor in 0.29 ms, found 0 plugins.
Preloading 0 native plugins for Editor in 0.00 ms.
Unloading 1567 Unused Serialized files (Serialized files now loaded: 0)
System memory in use before: 92.5 MB.
System memory in use after: 92.6 MB.

Unloading 7 unused Assets to reduce memory usage. Loaded Objects now: 2059.
Total: 2.206100 ms (FindLiveObjects: 0.208600 ms CreateObjectMapping: 0.042700 ms MarkObjects: 1.839900 ms  DeleteObjects: 0.113600 ms)

========================================================================
Received Import Request.
  Time since last request: 181.382690 seconds.
  path: Assets/Scripts/CivGen.cs
  artifactKey: Guid(ae3bba11dbcbdb947ba5e238bcba4482) Importer(815301076,1909f56bfc062723c751e8b465ee728b)
Start importing Assets/Scripts/CivGen.cs using Guid(ae3bba11dbcbdb947ba5e238bcba4482) Importer(815301076,1909f56bfc062723c751e8b465ee728b)  -> (artifact id: 'f253b4e4bd637100638c409701ba9405') in 0.005019 seconds
  Import took 0.007693 seconds .

========================================================================
Received Import Request.
  Time since last request: 0.001697 seconds.
  path: Assets/Scripts/CivGen.cs
  artifactKey: Guid(ae3bba11dbcbdb947ba5e238bcba4482) Importer(815301076,1909f56bfc062723c751e8b465ee728b)
Start importing Assets/Scripts/CivGen.cs using Guid(ae3bba11dbcbdb947ba5e238bcba4482) Importer(815301076,1909f56bfc062723c751e8b465ee728b)  -> (artifact id: 'f253b4e4bd637100638c409701ba9405') in 0.002653 seconds
  Import took 0.005321 seconds .

========================================================================
Received Prepare
Registering precompiled user dll's ...
Registered in 0.002074 seconds.
Begin MonoManager ReloadAssembly
Native extension for WindowsStandalone target not found
Refreshing native plugins compatible for Editor in 0.30 ms, found 0 plugins.
Preloading 0 native plugins for Editor in 0.00 ms.
Invoked RoslynAnalysisRunner static constructor.
RoslynAnalysisRunner will not be running.
RoslynAnalysisRunner has terminated.
Mono: successfully reloaded assembly
- Completed reload, in  1.176 seconds
Platform modules already initialized, skipping
Refreshing native plugins compatible for Editor in 0.29 ms, found 0 plugins.
Preloading 0 native plugins for Editor in 0.00 ms.
Unloading 1567 Unused Serialized files (Serialized files now loaded: 0)
System memory in use before: 92.5 MB.
System memory in use after: 92.6 MB.

Unloading 7 unused Assets to reduce memory usage. Loaded Objects now: 2062.
Total: 1.982500 ms (FindLiveObjects: 0.166900 ms CreateObjectMapping: 0.039800 ms MarkObjects: 1.661400 ms  DeleteObjects: 0.113300 ms)

========================================================================
Received Import Request.
  Time since last request: 550.719156 seconds.
  path: Assets/Scripts/CivGen.cs
  artifactKey: Guid(ae3bba11dbcbdb947ba5e238bcba4482) Importer(815301076,1909f56bfc062723c751e8b465ee728b)
Start importing Assets/Scripts/CivGen.cs using Guid(ae3bba11dbcbdb947ba5e238bcba4482) Importer(815301076,1909f56bfc062723c751e8b465ee728b)  -> (artifact id: 'cb2b121e4eb6cfaf5b7c7d72873f0999') in 0.005996 seconds
  Import took 0.008665 seconds .

========================================================================
Received Prepare
Registering precompiled user dll's ...
Registered in 0.001462 seconds.
Begin MonoManager ReloadAssembly
Native extension for WindowsStandalone target not found
Refreshing native plugins compatible for Editor in 0.38 ms, found 0 plugins.
Preloading 0 native plugins for Editor in 0.00 ms.
Invoked RoslynAnalysisRunner static constructor.
RoslynAnalysisRunner will not be running.
RoslynAnalysisRunner has terminated.
Mono: successfully reloaded assembly
- Completed reload, in  1.163 seconds
Platform modules already initialized, skipping
Refreshing native plugins compatible for Editor in 0.28 ms, found 0 plugins.
Preloading 0 native plugins for Editor in 0.00 ms.
Unloading 1567 Unused Serialized files (Serialized files now loaded: 0)
System memory in use before: 92.5 MB.
System memory in use after: 92.6 MB.

Unloading 7 unused Assets to reduce memory usage. Loaded Objects now: 2065.
Total: 2.142200 ms (FindLiveObjects: 0.174400 ms CreateObjectMapping: 0.038300 ms MarkObjects: 1.814800 ms  DeleteObjects: 0.113500 ms)

========================================================================
Received Import Request.
  Time since last request: 137.983857 seconds.
  path: Assets/Scripts/CivGen.cs
  artifactKey: Guid(ae3bba11dbcbdb947ba5e238bcba4482) Importer(815301076,1909f56bfc062723c751e8b465ee728b)
Start importing Assets/Scripts/CivGen.cs using Guid(ae3bba11dbcbdb947ba5e238bcba4482) Importer(815301076,1909f56bfc062723c751e8b465ee728b)  -> (artifact id: 'eb32208806ab4c5384c452e0f3611240') in 0.005006 seconds
  Import took 0.007631 seconds .

========================================================================
Received Import Request.
  Time since last request: 0.000942 seconds.
  path: Assets/Scripts/CivGen.cs
  artifactKey: Guid(ae3bba11dbcbdb947ba5e238bcba4482) Importer(815301076,1909f56bfc062723c751e8b465ee728b)
Start importing Assets/Scripts/CivGen.cs using Guid(ae3bba11dbcbdb947ba5e238bcba4482) Importer(815301076,1909f56bfc062723c751e8b465ee728b)  -> (artifact id: 'eb32208806ab4c5384c452e0f3611240') in 0.002291 seconds
  Import took 0.004882 seconds .

========================================================================
Received Prepare
Registering precompiled user dll's ...
Registered in 0.001729 seconds.
Begin MonoManager ReloadAssembly
Native extension for WindowsStandalone target not found
Refreshing native plugins compatible for Editor in 0.29 ms, found 0 plugins.
Preloading 0 native plugins for Editor in 0.00 ms.
Invoked RoslynAnalysisRunner static constructor.
RoslynAnalysisRunner will not be running.
RoslynAnalysisRunner has terminated.
Mono: successfully reloaded assembly
- Completed reload, in  1.023 seconds
Platform modules already initialized, skipping
Refreshing native plugins compatible for Editor in 0.28 ms, found 0 plugins.
Preloading 0 native plugins for Editor in 0.00 ms.
Unloading 1567 Unused Serialized files (Serialized files now loaded: 0)
System memory in use before: 92.6 MB.
System memory in use after: 92.6 MB.

Unloading 7 unused Assets to reduce memory usage. Loaded Objects now: 2068.
Total: 2.198800 ms (FindLiveObjects: 0.200700 ms CreateObjectMapping: 0.039300 ms MarkObjects: 1.842500 ms  DeleteObjects: 0.115300 ms)

========================================================================
Received Prepare
Registering precompiled user dll's ...
Registered in 0.001589 seconds.
Begin MonoManager ReloadAssembly
Native extension for WindowsStandalone target not found
Refreshing native plugins compatible for Editor in 0.54 ms, found 0 plugins.
Preloading 0 native plugins for Editor in 0.00 ms.
Invoked RoslynAnalysisRunner static constructor.
RoslynAnalysisRunner will not be running.
RoslynAnalysisRunner has terminated.
Mono: successfully reloaded assembly
- Completed reload, in  1.140 seconds
Platform modules already initialized, skipping
Refreshing native plugins compatible for Editor in 0.29 ms, found 0 plugins.
Preloading 0 native plugins for Editor in 0.00 ms.
Unloading 1567 Unused Serialized files (Serialized files now loaded: 0)
System memory in use before: 92.5 MB.
System memory in use after: 92.6 MB.

Unloading 7 unused Assets to reduce memory usage. Loaded Objects now: 2071.
Total: 2.195300 ms (FindLiveObjects: 0.179200 ms CreateObjectMapping: 0.039900 ms MarkObjects: 1.862100 ms  DeleteObjects: 0.113000 ms)

========================================================================
Received Prepare
Registering precompiled user dll's ...
Registered in 0.001399 seconds.
Begin MonoManager ReloadAssembly
Native extension for WindowsStandalone target not found
Refreshing native plugins compatible for Editor in 0.29 ms, found 0 plugins.
Preloading 0 native plugins for Editor in 0.00 ms.
Invoked RoslynAnalysisRunner static constructor.
RoslynAnalysisRunner will not be running.
RoslynAnalysisRunner has terminated.
Mono: successfully reloaded assembly
- Completed reload, in  0.993 seconds
Platform modules already initialized, skipping
Refreshing native plugins compatible for Editor in 0.28 ms, found 0 plugins.
Preloading 0 native plugins for Editor in 0.00 ms.
Unloading 1567 Unused Serialized files (Serialized files now loaded: 0)
System memory in use before: 92.5 MB.
System memory in use after: 92.6 MB.

Unloading 7 unused Assets to reduce memory usage. Loaded Objects now: 2074.
Total: 2.208400 ms (FindLiveObjects: 0.260900 ms CreateObjectMapping: 0.039900 ms MarkObjects: 1.745200 ms  DeleteObjects: 0.161500 ms)

AssetImportWorkerClient::OnTransportError - code=2 error=End of file
